[    0.000000] Initializing cgroup subsys cpuset
[    0.000000] Initializing cgroup subsys cpu
[    0.000000] Initializing cgroup subsys cpuacct
[    0.000000] Linux version 4.4.0-134-generic (buildd@lgw01-amd64-033) (gcc version 5.4.0 20160609 (Ubuntu 5.4.0-6ubuntu1~16.04.10) ) #160-Ubuntu SMP Wed Aug 15 14:58:00 UTC 2018 (Ubuntu 4.4.0-134.160-generic 4.4.140)
[    0.000000] Command line: BOOT_IMAGE=/boot/vmlinuz-4.4.0-134-generic root=LABEL=cloudimg-rootfs ro console=tty1 console=ttyS0
[    0.000000] KERNEL supported cpus:
[    0.000000]   Intel GenuineIntel
[    0.000000]   AMD AuthentiAMD
[    0.000000]   Centaur CentaurHauls
[    0.000000] x86/fpu: xstate_offset[2]:  576, xstate_sizes[2]:  256
[    0.000000] x86/fpu: Supporting XSAVE feature 0x01: 'x87 floating point registers'
[    0.000000] x86/fpu: Supporting XSAVE feature 0x02: 'SSE registers'
[    0.000000] x86/fpu: Supporting XSAVE feature 0x04: 'AVX registers'
[    0.000000] x86/fpu: Enabled xstate features 0x7, context size is 832 bytes, using 'standard' format.
[    0.000000] e820: BIOS-provided physical RAMmap:
[    0.000000] BIOSS-e820: [mem 0x0000000000000000-0x000000000009fbff] usable
[    0.000000] BIOS-e820: [mem 0x000000000009fc00-0x000000000009ffff] reserved
[    0.000000] BIOS-e820: [mem 0x00000000000f0000-0x000000000fffff] reserved
[    0.000000] BIOS-e820: [mem 0x0000000000100000-0x000000007ffeffff] usable
[    0.000000] BIOS-e820: [mem 0x000000007fff0000-0x000000007fffffff] ACPI data
[    0.000000] BIOS-e820: [mem 0x00000000fec00000-0x00000000fec00fff] reserved
[    0.000000] BIOS-e820: [mem 0x00000000fee00000-0x00000000fee00fff] reserved
[    0.000000] BIOS-e820: [mem 0x00000000fffc0000-0x00000000ffffffff] rserved
[    0.000000] NX (Execute Disable) protection: active
[    0.000000] SMBIOS 2.5 present.
[    0.000000] Hypervisor detected: KVM
[    0.000000] e820: last_pfn = 0x7fff0 max_arch_pfn = 0x400000000
[    0.000000] MTRR: Disabled
[    0.000000] x86/PAT: MTRRs disabled, skipping PAT initialization too.
[    0.000000] CPU MTRRs all blank - virtualized system.
[    0.000000] x86/PAT: Configuration [0-7]: WB  WT  UC- UC  WB  WT  UC- UC  
[    0.000000] found SMP MP-table at [mem 0x0009fff0-0x0009ffff] mapped at [ffff88000009fff0]
[    0.000000] Scanning 1 areas for low memory corruption
[    0.000000] RAMDISK: [mem 0x3630c000-0x3717dfff]
[    0.000000] ACPI: Early table checksum verification disabled
[    0.000000] ACPI: RSDP 0x00000000000E0000 000024 (v02 VBOX  )
[    0.000000] ACPI: XSDT 0x000000007FFF0030 00003C (v01 VBOX   VBOXXSDT 00000001 ASL  00000061)
[    0.000000] ACPI: FACP 0x000000007FFF00F0 0000F4 (v04 VBOX   VBOXFACP 00000001 ASL  00000061)
[    0.000000] ACPI: DSDT 0x000000007FFF0470 0021FF (v02 VBOX   VBOXBIOS 00000002 INTL 20100528)
[    0.000000] ACPI: FACS 0x000000007FFF0200 000040
[    0.000000] ACPI: FACS 0x000000007FFF0200 000040
[    0.000000] ACPI: APIC 0x000000007FFF0240 00005C (v02 VBOX   VBOXAPIC 00000001 ASL  00000061)
[    0.000000] ACPI: SSDT 0x000000007FFF02A0 0001CC (v01 VBOX   VBOXCPUT 00000002 INTL 20100528)
[    0.000000] No NUMA configuration found
[    0.000000] Faking a node at [mem 0x0000000000000000-0x000000007ffeffff]
[    0.000000] NODE_DATA(0) allocated [mem 0x7ffeb000-0x7ffeffff]
[    0.000000] kvm-clock: Using msrs 4b564d01 and 4b564d00
[    0.000000] kvm-clock: cpu 0, msr 0:7ffe3001, primary cpu clock
[    0.000000] kvm-clock: using sched offset of 3896045227 cycles
[    0.000000] clocksource: kvm-clock: mask: 0xffffffffffffffff max_cycles: 0x1cd42e4dffb, max_idle_ns: 881590591483 ns
[    0.000000] Zone ranges:
[    0.000000]   DMA      [mem 0x0000000000001000-0x0000000000ffffff]
[    0.000000]   DMA32    [mem 0x0000000001000000-0x000000007ffeffff]
[    0.000000]   Normal   empty
[    0.000000]   Device   empty
[    0.000000] Movable zone start for each node
[    0.000000] Early memory node ranges
[    0.000000]   node   0: [mem 0x0000000000001000-0x000000000009efff]
[    0.000000]   node   0: [mem 0x0000000000100000-0x000000007ffeffff]
[    0.000000] Initmem setup node 0 [mem 0x0000000000001000-0x000000007ffeffff]
[    0.000000] ACPI: PM-Timer IO Port: 0x4008
[    0.000000] IOAPIC[0]: apic_id 2, version 32, address 0xfec00000, GSI 0-23
[    0.000000] ACPI: INT_SRC_OVR (bus 0 bus_irq 0 global_irq 2 dfl dfl)
[    0.000000] ACPI: INT_SRC_OVR (bus 0 bus_irq 9 global_irq 9 low level)
[    0.000000] Using ACPI (MADT) for SMP configuration information
[    0.000000] smpboot: Allowing 2 CPUs, 0 hotplug CPUs
[    0.000000] PM: Registered nosave memory: [mem 0x00000000-0x00000fff]
[    0.000000] PM: Registered nosave memory: [mem 0x0009f000-0x0009ffff]
[    0.000000] PM: Registered nosave memory: [mem 0x000a0000-0x000effff]
[    0.000000] PM: Registered nosave memory: [mem 0x000f0000-0x000fffff]
[    0.000000] e820: [mem 0x80000000-0xfebfffff] available for PCI devices
[    0.000000] Booting paravirtualized kernel on KVM
[    0.000000] clocksource: refined-jiffies: mask: 0xffffffff max_cycles: 0xffffffff, max_idle_ns: 7645519600211568ns
[    0.000000] setup_percpu: NR_CPUS:512 nr_cpumask_bits:512 nr_cpu_ids:2 nr_node_ids:1
[    0.000000] PERCPU: Embedded 34 pages/cpu @ffff88007fc00000 s99544 r8192 d31528 u1048576
[    0.000000] PV qspinlock hash table entries: 256 (order: 0, 4096 bytes)
[    0.000000] Built 1 zonelists in Node order, mobility grouping on.  Total pages: 515960
[    0.000000] Policy zone: DMA32
[    0.000000] Kernel command line: BOOT_IMAGE=/boot/vmlinuz-4.4.0-134-generic root=LABEL=cloudimg-rootfs ro console=tty1 console=ttyS0
[    0.000000] PID hash table entries: 4096 (order: 3, 32768 bytes)
[    0.000000] Memory: 2029916K/2096696K available (8554K kernel code, 1314K rwdata, 4004K rodata, 1516K init, 1316K bss, 66780K reserved, 0K cma-reserved)
[    0.000000] SLUB: HWalign=64, Order=0-3, MinObjects=0, CPUs=2, Nodes=1
[    0.000000] Kernel/User page tables isolation: enabled
[    0.000000] Hierarchical RCU implementation.
[    0.000000] 	Build-time adjustment of leaf fanout to 64.
[    0.000000] 	RCU restricting CPUs from NR_CPUS=512 to nr_cpu_ids=2.
[    0.000000] RCU: Adjusting geometry for rcu_fanout_leaf=64, nr_cpu_ids=2
[    0.000000] NR_IRQS:33024 nr_irqs:440 16
[    0.000000] Console: colour VGA+ 80x25
[    0.000000] console [tty1] enabled
[    0.000000] console [ttyS0] enabled
[    0.000000] tsc: Detected 2594.006 MHz processor
[    0.284365] Calibrating delay loop (skipped) preset value.. 5188.01 BogoMIPS (lpj=10376024)
[    0.285844] pid_max: default: 32768 minimum: 301
[    0.286667] ACPI: Core revision 20150930
[    0.288272] ACPI: 2 ACPI AML tables successfully acquired and loaded
[    0.289461] Security Framework initialized
[    0.290214] Yama: becoming mindful.
[    0.291069] AppArmor: AppArmor initialized
[    0.29550 Dentry cache hash table entries: 262144 (order: 9, 2097152 bytes)
[    0.323242] Inode-cache hash table entries: 131072 (order: 8, 1048576 bytes)

[    0.329240] Mount-cache hash table entries: 4096 (order: 3, 32768 bytes)
[    0.330634] Mountpoint-cache hash table entries: 4096 (order: 3, 32768 bytes)
[    0.332186] Initializing cgroup subsys io
[    0.333144] Initializing cgroup subsys memory
[    0.334210] Initializing cgroup subsys devices
[    0.335281] Initializing cgroup subsys freezer
[    0.336270] Initializing cgroup subsys net_cls
[    0.337215] Initializing cgroup subsys perf_event
[    0.338226] Initializing cgroup subsys net_prio
[    0.339123] Initializing cgroup subsys hugetlb
[    0.339926] Initializing cgroup subsys pids
[    0.341753] mce: CPU supports 0 MCE banks
[    0.342647] Last level iTLB entries: 4KB 1024, 2MB 1024, 4MB 1024
[    0.343911] Last level dTLB entries: 4KB 1024, 2MB 1024, 4MB 1024, 1GB 4
[    0.345215] Spectre V2 : Mitigation: Full generic retpoline
[    0.346307] Spectre V2 : Speculation control IBPB not-supported IBRS not-supported
[    0.347678] Speculative Store Bypass: Vulnerable
[    0.358543] Freeing SMP alternatives memory: 32K
[    0.367921] ftrace: allocating 32266 entries in 127 pages
[    0.424985] smpboot: APIC(0) Converting physical 0 to logical package 0
[    0.426271] smpboot: Max logical packages: 1
[    0.427703] x2apic enabled
[    0.428797] Switched APIC routing to physical x2apic.
[    0.431466] ..TIMER: vector=0x30 apic1=0 pin1=2 apic2=-1 pin2=-1
[    0.539886] smpboot: CPU0: Intel(R) Core(TM) i5-4300M CPU @ 2.60GHz (family: 0x6, model: 0x3c, stepping: 0x3)
[    0.549983] Performance Events: unsupported p6 CPU model 60 no PMU driver, software events only.
[    0.555032] KVM setup paravirtual spinlock
[    0.560521] x86: Booting SMP configuration:
[    0.561643] .... node  #0, CPUs:      #1
[    0.562931] kvm-clock: cpu 1, msr 0:7ffe3041, secondary cpu clock
[    0.565187] mce: CPU supports 0 MCE banks
[    0.567872] x86: Booted up 1 node, 2 CPUs
[    0.575959] smpboot: Total of 2 processors activated (10376.02 BogoMIPS)
[    0.585951] devtmpfs: initialized
[    0.589296] evm: security.selinux
[    0.590392] evm: security.SMACK64
[    0.591400] evm: security.SMACK64EXEC
[    0.592529] evm: security.SMACK64TRANSMUTE
[    0.593637] evm: security.SMACK64MMAP
[    0.594618] evm: security.ima
[    0.595515] evm: security.capability
[    0.603303] clocksource: jiffies: mask: 0xffffffff max_cycles: 0xffffffff, max_idle_ns: 7645041785100000 ns
[    0.605650] futex hash table entries: 512 (order: 3, 32768 bytes)
[    0.607338] pinctrl core: initialized pinctrl subsystem
[    0.611779] RTC time:  8:00:57, date: 09/07/18
[    0.613176] NET: Registered protocol family 16
[    0.624843] cpuidle: using governor ladder
[    0.637434] cpuidle: using governor menu
[    0.638580] PCCT header not found.
[    0.639453] ACPI: bus type PCI registered
[    0.640451] acpiphp: ACPI Hot Plug PCI Controller Driver version: 0.5
[    0.641739] PCI: Using configuration type 1 for base access
[    0.652948] ACPI: Added _OSI(Module Device)
[    0.653908] ACPI: Added _OSI(Processor Device)
[    0.654909] ACPI: Added _OSI(3.0 _SCP Extensions)
[    0.656046] ACPI: Added _OSI(Processor Aggregator Device)
[    0.658254] ACPI: Executed 1 blocks of module-level executable AML code
[    0.661745] ACPI: Interpreter enabled
[    0.662485] ACPI: (supports S0 S5)
[    0.663231] ACPI: Using IOAPIC for interrupt routing
[    0.664376] PCI: Using host bridge windows from ACPI; if necessary, use "pci=nocrs" and report a bug
[    0.669555] ACPI: PCI Root Bridge [PCI0] (domain 0000 [bus 00-ff])
[    0.671001] acpi PNP0A03:00: _OSC: OS supports [ASPM ClockPM Segments MSI]
[    0.672642] acpi PNP0A03:00: _OSC: not requesting OS control; OS requires [ExtendedConfig ASPM ClockPM MSI]
[    0.682308] acpi PNP0A03:00: fail to add MMCONFIG information, can't access extended PCI configuration space under this bridge.
[    0.688809] PCI host bridge to bus 0000:00
[    0.689802] pci_bus 0000:00: root bus resource [io  0x0000-0x0cf7 window]
[    0.691357] pci_bus 0000:00: root bus resource [io  0x0d00-0xffff window]
[    0.692941] pci_bus 0000:00: root bus resource [mem 0x000a0000-0x000bffff window]
[    0.694911] pci_bus 0000:00: root bus resource [mem 0x80000000-0xfdffffff window]
[    0.696818] pci_bus 0000:00: root bus resource [bus 00-ff]
[    0.699908] pci 0000:00:01.1: legacy IDE quirk: reg 0x10: [io  0x01f0-0x01f7]
[    0.701222] pci 0000:00:01.1: legacy IDE quirk: reg 0x14: [io  0x03f6]
[    0.702703] pci 0000:00:01.1: legacy IDE quirk: reg 0x18: [io  0x0170-0x0177]
[    0.704220] pci 0000:00:01.1: legacy IDE quirk: reg 0x1c: [io  0x0376]
[    0.742833] pci 0000:00:07.0: quirk: [io  0x4000-0x403f] claimed by PIIX4 ACPI
[    0.755162] pci 0000:00:07.0: quirk: [io  0x4100-0x410f] claimed by PIIX4 SMB
[    0.768563] ACPI: PCI Interrupt Link [LNKA] (IRQs 5 9 10 *11)
[    0.770678] ACPI: PCI Interrupt Link [LNKB] (IRQs 5 9 *10 11)
[    0.772772] ACPI: PCI Interrupt Link [LNKC] (IRQs 5 *9 10 11)
[    0.774839] ACPI: PCI Interrupt Link [LNKD] (IRQs 5 9 10 *11)
[    0.776859] ACPI: Enabled 2 GPEs in block 00 to 07
[    0.778384] vgaarb: setting as boot device: PCI:0000:00:02.0
[    0.779548] vgaarb: device added: PCI:0000:00:02.0,decodes=io+mem,owns=io+mem,locks=none
[    0.781327] vgaarb: loaded
[    0.782005] vgaarb: bridge control possible 0000:00:02.0
[    0.783291] SCSI subsystem initialized
[    0.784289] ACPI: bus type USB registered
[    0.785228] usbcore: registered new interface driver usbfs
[    0.786278] usbcore: registered new interface driver hub
[    0.787446] usbcore: registered new device driver usb
[    0.788687] PCI: Using ACPI for IRQ routing
[    0.789961] NetLabel: Initializing
[    0.790639] NetLabel:  domain hash size = 128
[    0.791784] NetLabel:  protocols = UNLABELED CIPSOv4
[    0.792771] NetLabel:  unlabeled traffic allowed by default
[    0.793988] amd_nb: Cannot enumerate AMD northbridges
[    0.795057] clocksource: Switched to clocksource kvm-clock
[    0.808326] AppArmor: AppArmor Filesystem Enabled
[    0.809712] pnp: PnP ACPI init
[    0.811141] pnp: PnP ACPI: found 3 devices
[    0.825171] clocksource: acpi_pm: mask: 0xffffff max_cycles: 0xffffff, max_idle_ns: 2085701024 ns
[    0.827093] NET: Registered protocol family 2
[    0.828097] TCP established hash table entries: 16384 (order: 5, 131072 bytes)
[    0.829561] TCP bind hash table entries: 16384 (order: 6, 262144 bytes)
[    0.830880] TCP: Hash tables configured (established 16384 bind 16384)
[    0.832205] UDP hash table entries: 1024 (order: 3, 32768 bytes)
[    0.833570] UDP-Lite hash table entries: 1024 (order: 3, 32768 bytes)
[    0.835047] NET: Registered protocol family 1
[    0.835993] pci 0000:00:00.0: Limiting direct PCI/PCI transfers
[    0.837147] pci 0000:00:01.0: Activating ISA DMA hang workarounds
[    0.838552] Unpacking initramfs...
[    1.104474] Freeing initrd memory: 14792K
[    1.114275] RAPL PMU detected, API unit is 2^-32 Joules, 4 fixed counters 10737418240 ms ovfl timer
[    1.116254] hw unit of domain pp0-core 2^-0 Joules
[    1.117402] hw unit of domain package 2^-0 Joules
[    1.118505] hw unit of domain dram 2^-0 Joules
[    1.119457] hw unit of domain pp1-gpu 2^-0 Joules
[    1.120557] platform rtc_cmos: registered platform RTC device (no PNP device found)
[    1.122127] Scanning for low memory corruption every 60 seconds
[    1.123712] audit: initializing netlink subsys (disabled)
[    1.124932] audit: type=2000 audit(1536307263.189:1): initialized
[    1.133847] Initialise system trusted keyring
[    1.135054] HugeTLB registered 2 MB page size, pre-allocated 0 pages
[    1.137846] zbud: loaded
[    1.138881] VFS: Disk quotas dquot_6.6.0
[    1.139848] VFS: Dquot-cache hash table entries: 512 (order 0, 4096 bytes)
[    1.141354] squashfs: version 4.0 (2009/01/31) Phillip Lougher
[    1.143294] fuse init (API version 7.23)
[    1.144677] Key type big_key registered
[    1.145991] Allocating IMA MOK and blacklist keyrings.
[    1.148909] Key type asymmetric registered
[    1.150168] Asymmetric key parser 'x509' registered
[    1.151272] Block layer SCSI generic (bsg) driver version 0.4 loaded (major 249)
[    1.152816] io scheduler noop registered
[    1.153744] io scheduler deadline registered (default)
[    1.154733] io scheduler cfq registered
[    1.155630] pci_hotplug: PCI Hot Plug PCI Core version: 0.5
[    1.156592] pciehp: PCI Express Hot Plug Controller Driver version: 0.4
[    1.158188] ACPI: AC Adapter [AC] (on-line)
[    1.159083] input: Power Button as /devices/LNXSYSTM:00/LNXPWRBN:00/input/input0
[    1.160558] ACPI: Power Button [PWRF]
[    1.161562] input: Sleep Button as /devices/LNXSYSTM:00/LNXSLPBN:00/input/input1
[    1.163065] ACPI: Sleep Button [SLPF]
[    1.164821] ACPI: Battery Slot [BAT0] (battery present)
[    1.171758] GHES: HEST is not enabled!
[    1.179404] Serial: 8250/16550 driver, 32 ports, IRQ sharing enabled
[    1.202031] 00:02: ttyS0 at I/O 0x3f8 (irq = 4, base_baud = 115200) is a 16550A
[    1.204404] Linux agpgart interface v0.103
[    1.212333] loop: module loaded
[    1.220329] scsi host0: ata_piix
[    1.221297] scsi host1: ata_piix
[    1.221983] ata1: PATA max UDMA/33 cmd 0x1f0 ctl 0x3f6 bmdma 0xd000 irq 14
[    1.223357] ata2: PATA max UDMA/33 cmd 0x170 ctl 0x376 bmdma 0xd008 irq 15
[    1.225154] libphy: Fixed MDIO Bus: probed
[    1.226162] tun: Universal TUN/TAP device driver, 1.6
[    1.227290] tun: (C) 1999-2004 Max Krasnyansky <maxk@qualcomm.com>
[    1.228602] PPP generic driver version 2.4.2
[    1.229578] ehci_hcd: USB 2.0 'Enhanced' Host Controller (EHCI) Driver
[    1.230754] ehci-pci: EHCI PCI platform driver
[    1.231771] ehci-platform: EHCI generic platform driver
[    1.232874] ohci_hcd: USB 1.1 'Open' Host Controller (OHCI) Driver
[    1.234098] ohci-pci: OHCI PCI platform driver
[    1.235104] ohci-platform: OHCI generic platform driver
[    1.236335] uhci_hcd: USB Universal Host Controller Interface driver
[    1.237688] i8042: PNP: PS/2 Controller [PNP0303:PS2K,PNP0f03:PS2M] at 0x60,0x64 irq 1,12
[    1.239938] serio: i8042 KBD port at 0x60,0x64 irq 1
[    1.241010] serio: i8042 AUX port at 0x60,0x64 irq 12
[    1.242167] mousedev: PS/2 mouse device common for all mice
[    1.243426] input: AT Translated Set 2 keyboard as /devices/platform/i8042/serio0/input/input2
[    1.245568] rtc_cmos rtc_cmos: rtc core: registered rtc_cmos as rtc0
[    1.246677] rtc_cmos rtc_cmos: alarms up to one day, 114 bytes nvram
[    1.249556] i2c /dev entries driver
[    1.250425] device-mapper: uevent: version 1.0.3
[    1.251704] device-mapper: ioctl: 4.34.0-ioctl (2015-10-28) initialised: dm-devel@redhat.com
[    1.253268] ledtrig-cpu: registered to indicate activity on CPUs
[    1.254819] NET: Registered protocol family 10
[    1.256054] NET: Registered protocol family 17
[    1.257023] Key type dns_resolver registered
[    1.258387] registered taskstats version 1
[    1.259558] Loading compiled-in X.509 certificates
[    1.261156] Loaded X.509 cert 'Build time autogenerated kernel key: 4eb3d024ac16f76c1747ffd474694c84db21038b'
[    1.263275] zswap: loaded using pool lzo/zbud
[    1.266197] Key type trusted registered
[    1.270522] Key type encrypted registered
[    1.271694] AppArmor: AppArmor sha1 policy hashing enabled
[    1.272775] ima: No TPM chip found, activating TPM-bypass!
[    1.273882] ima: Allocated hash algorithm: sha1
[    1.280654] evm: HMAC attrs: 0x1
[    1.281728]   Magic number: 2:352:17
[    1.288484] rtc_cmos rtc_cmos: setting system clock to 2018-09-07 08:00:58 UTC (1536307258)
[    1.290296] BIOS EDD facility v0.16 2004-Jun-25, 0 devices found
[    1.291752] EDD information not available.
[    1.381468] Freeing unused kernel memory: 1516K
[    1.382602] Write protecting the kernel read-only data: 14336k
[    1.384630] Freeing unused kernel memory: 1672K
[    1.385707] Freeing unused kernel memory: 92K
Loading, please wait...
starting version 229
[    1.399607] random: systemd-udevd: uninitialized urandom read (16 bytes read, 2 bits of entropy available)
[    1.400137] random: udevadm: uninitialized urandom read (16 bytes read, 2 bits of entropy available)
[    1.400157] random: udevadm: uninitialized urandom read (16 bytes read, 2 bits of entropy available)
[    1.405955] random: systemd-udevd: uninitialized urandom read (16 bytes read, 2 bits of entropy available)
[    1.409024] random: udevadm: uninitialized urandom read (16 bytes read, 2 bits of entropy available)
[    1.409075] random: udevadm: uninitialized urandom read (16 bytes read, 2 bits of entropy available)
[    1.409210] random: udevadm: uninitialized urandom read (16 bytes read, 2 bits of entropy available)
[    1.409252] random: udevadm: uninitialized urandom read (16 bytes read, 2 bits of entropy available)
[    1.409294] random: udevadm: uninitialized urandom read (16 bytes read, 2 bits of entropy available)
[    1.409335] random: udevadm: uninitialized urandom read (16 bytes read, 2 bits of entropy available)
[    1.469831] e1000: Intel(R) PRO/1000 Network Driver - version 7.3.21-k8-NAPI
[    1.471051] e1000: Copyright (c) 1999-2006 Intel Corporation.
[    1.479120] Fusion MPT base driver 3.04.20
[    1.480073] Copyright (c) 1999-2008 LSI Corporation
[    1.486052] Fusion MPT SPI Host driver 3.04.20
[    1.492676] AVX2 version of gcm_enc/dec engaged.
[    1.500230] AES CTR mode by8 optimization enabled
[    1.707588] input: ImExPS/2 Generic Explorer Mouse as /devices/platform/i8042/serio1/input/input4
[    1.847878] e1000 0000:00:03.0 eth0: (PCI:33MHz:32-bit) 02:1d:76:b3:3c:fe
[    1.849356] e1000 0000:00:03.0 eth0: Intel(R) PRO/1000 Network Connection
[    1.851860] mptbase: ioc0: Initiating bringup
[    1.853787] e1000 0000:00:03.0 enp0s3: renamed from eth0
[    1.927455] ioc0: LSI53C1030 A0: Capabilities={Initiator}
[    2.101055] scsi host2: ioc0: LSI53C1030 A0, FwRev=00000000h, Ports=1, MaxQ=256, IRQ=20
[    2.119850] tsc: Refined TSC clocksource calibration: 2596.469 MHz
[    2.147095] clocksource: tsc: mask: 0xffffffffffffffff max_cycles: 0x256d3470e9b, max_idle_ns: 440795286371 ns
[    2.293367] scsi 2:0:0:0: Direct-Access     VBOX     HARDDISK         1.0  PQ: 0 ANSI: 5
[    2.329236] scsi target2:0:0: Beginning Domain Validation
[    2.361632] scsi target2:0:0: Domain Validation skipping write tests
[    2.363308] scsi target2:0:0: Ending Domain Validation
[    2.364863] scsi target2:0:0: asynchronous
[    2.381126] scsi 2:0:1:0: Direct-Access     VBOX     HARDDISK         1.0  PQ: 0 ANSI: 5
[    2.395566] scsi target2:0:1: Beginning Domain Validation
[    2.425817] scsi target2:0:1: Domain Validation skipping write tests
[    2.427086] scsi target2:0:1: Ending Domain Validation
[    2.428052] scsi target2:0:1: asynchronous
[    2.434357] sd 2:0:0:0: [sda] 20971520 512-byte logical blocks: (10.7 GB/10.0 GiB)
[    2.435834] sd 2:0:0:0: Attached scsi generic sg0 type 0
[    2.436895] sd 2:0:0:0: [sda] Write Protect is off
[    2.437947] sd 2:0:0:0: [sda] Incomplete mode parameter data
[    2.438935] sd 2:0:0:0: [sda] Assuming drive cache: write through
[    2.440013] sd 2:0:1:0: [sdb] 20480 512-byte logical blocks: (10.5 MB/10.0 MiB)
[    2.440032] sd 2:0:1:0: Attached scsi generic sg1 type 0
[    2.444333] sd 2:0:1:0: [sdb] Write Protect is off
[    2.447628] sd 2:0:1:0: [sdb] Incomplete mode parameter data
[    2.448628] sd 2:0:1:0: [sdb] Assuming drive cache: write through
[    2.452168]  sda: sda1
[    2.453517] sd 2:0:1:0: [sdb] Attached SCSI disk
[    2.465519] sd 2:0:0:0: [sda] Attached SCSI disk
Begin: Loading essential drivers[    3.822146] md: linear personality registered for level -1
 ... [    3.872661] md: multipath personality registered for level -4
[    3.876089] md: raid0 personality registered for level 0
[    3.879777] md: raid1 personality registered for level 1
[    3.951495] raid6: sse2x1   gen()  9583 MB/s
[    4.019554] raid6: sse2x1   xor()  7386 MB/s
[    4.087194] raid6: sse2x2   gen() 10959 MB/s
[    4.155109] raid6: sse2x2   xor()  7812 MB/s
[    4.243400] raid6: sse2x4   gen() 14428 MB/s
[    4.311311] raid6: sse2x4   xor() 10058 MB/s
[    4.391833] raid6: avx2x1   gen() 19166 MB/s
[    4.471381] raid6: avx2x2   gen() 22171 MB/s
[    4.539240] raid6: avx2x4   gen() 24041 MB/s
[    4.540139] raid6: using algorithm avx2x4 gen() 24041 MB/s
[    4.541072] raid6: using avx2x2 recovery algorithm
[    4.543291] xor: automatically using best checksumming function:
[    4.591072]    avx       : 25118.000 MB/sec
[    4.593213] async_tx: api initialized (async)
[    4.600834] md: raid6 personality registered for level 6
[    4.603595] md: raid5 personality registered for level 5
[    4.615017] md: raid4 personality registered for level 4
[    4.620452] md: raid10 personality registered for level 10
done.
Begin: Running /scripts/init-premount ... done.
Begin: Mounting root file system ... Begin: Running /scripts/local-top ... done.
Begin: Running /scripts/local-premount ... [    4.650110] Btrfs loaded
Scanning for Btrfs filesystems
done.
Warning: fsck no[    4.683614] EXT4-fs (sda1): mounted filesystem with ordered data mode. Opts: (null)
t present, so skipping root file system
done.
Begin: Running /scripts/local-bottom ... done.
Begin: Running /scripts/init-bottom ... done.
[    4.858046] systemd[1]: systemd 229 running in system mode. (+PAM +AUDIT +SELINUX +IMA +APPARMOR +SMACK +SYSVINIT +UTMP +LIBCRYPTSETUP +GCRYPT +GNUTLS +ACL +XZ -LZ4 +SECCOMP +BLKID +ELFUTILS +KMOD -IDN)
[    4.952384] systemd[1]: Detected virtualization oracle.
[    4.983875] systemd[1]: Detected architecture x86-64.

Welcome to [1mUbuntu 16.04.5 LTS[0m!

[    5.018902] systemd[1]: Set hostname to <ubuntu>.
[    5.052616] systemd[1]: Initializing machine ID from random generator.
[    5.079922] systemd[1]: Installed transient /etc/machine-id file.
[    5.221722] systemd[1]: Listening on Journal Socket (/dev/log).
[[0;32m  OK  [0m] Listening on Journal Socket (/dev/log).
[    5.224176] systemd[1]: Listening on Journal Audit Socket.
[[0;32m  OK  [0m] Listening on Journal Audit Socket.
[    5.226237] systemd[1]: Reached target Encrypted Volumes.
[[0;32m  OK  [0m] Reached target Encrypted Volumes.
[    5.228315] systemd[1]: Listeing on /dev/initctl Compatibility Named Pipe.
[[0;32m  OK  [0m] Listening on /dev/initctl Compatibility Named Pipe.
[    5.253030] systemd[1]: Listening on Journal Socket.
[[0;32m  OK  [0m] Listening on Journal Socket.
[    5.255885] systemd[1]: Created slice System Slice.
[[0;32m  OK  [0m] Created slice System Slice.

[    5.267829] systemd[1]: Mounting POSIX Message Queue File System...
         Mounting POSIX Message Queue File System...
[    5.299318] systemd[1]: Mounting Huge Pages File System...
         Mounting Huge Pages File System...
[    5.302375] systemd[1]: Mounting Debug File System...
         Mounting Debug File System...
[    5.304878] systemd[1]: Reached target Swap.
[[0;32m  OK  [0m] Reached target Swap.
[    5.355745] systemd[1]: Starting Load Kernel Modules...
         Starting Load Kernel Modules...
[    5.358900] systemd[1]: Starting Uncomplicated firewall...
         Starting Uncomplicated firewall...
[    5.361480] systemd[1]: Listening on udev Control Socket.
[[0;32m  OK  [0m] Listening on udev Control Socket.
[    5.364668] systemd[1]: Starting Remount Root and Kernel File Systems...
[    5.366331] Loading iSCSI transport class v2.0-870.
         Starting Remount Root and Kernel File Systems...
[    5.368442] systemd[1]: Set up automount Arbitrary Executable File Formats File System Automount Point.
[[0;32m  OK  [0m] Set up automount Arbitrary Executab...ats File System Automount Point.
[    5.375663] systemd[1]: Listening on udev Kernel Socket.
[[0;32m  OK  [0m] Listening on udev Kernel Socket.
[    5.409968] iscsi: registered transport (tcp)
[    5.416269] systemd[1]: Reached target System Time Synchronized.
[    5.417497] EXT4-fs (sda1): re-mounted. Opts: (null)
[[0;32m  OK  [0m] Reached target System Time Synchronized.
[    5.453704] iscsi: registered transport (iser)
[    5.475986] systemd[1]: Starting Set console keymap...
         Starting Set console keymap...
[    5.482384] systemd[1]: Listening on LVM2 poll daemon socket.
[[0;32m  OK  [0m] Listening on LVM2 poll daemon socket.
[    5.512257] systemd[1]: Started Forward Password Requests to Wall Directory Watch.
[[0;32m  OK  [0m] Started Forward Password Requests to Wall Directory Watch.
[    5.539431] systemd[1]: Reached target User and Group Name Lookups.
[[0;32m  OK  [0m] Reached target User and Group Name Lookups.
[    5.578630] systemd[1]: Listening on Device-mapper event daemon FIFOs.
[[0;32m  OK  [0m] Listening on Device-mapper event daemon FIFOs.
[    5.592076] systemd[1]: Starting Nameserver information manager...
         Starting Nameserver information manager...
[    5.632164] systemd[1]: Starting Create list of required static device nodes for the current kernel...
         Starting Create list of required st... nodes for the current kernel...
[    5.757839] systemd[1]: Listening on Syslog Socket.
[[0;32m  OK  [0m] Listening on Syslog Socket.
[    5.823604] systemd[1]: Starting Journal Service...
         Starting Journal Service...
[    5.851757] systemd[1]: Created slice system-serial\x2dgetty.slice.
[[0;32m  OK  [0m] Created slice system-serial\x2dgetty.slice.
[    5.893172] systemd[1]: Started Trigger resolvconf update for networkd DNS.
[[0;32m  OK  [0m] Started Trigger resolvconf update for networkd DNS.
[    5.964825] systemd[1]: Listening on LVM2 metadata daemon socket.
[[0;32m  OK  [0m] Listening on LVM2 metadata daemon socket.
[    6.007599] systemd[1]: Starting Monitoring of LVM2 mirrors, snapshots etc. using dmeventd or progress polling...
         Starting Monitoring of LVM2 mirrors... dmeventd or progress polling...
[    6.067739] systemd[1]: Created slice User and Session Slice.
[[0;32m  OK  [0m] Created slice User and Session Slice.
[    6.113566] systemd[1]: Reached target Slices.
[[0;32m  OK  [0m] Reached target Slices.
[    6.137988] systemd[1]: Mounted Debug File System.
[[0;32m  OK  [0m] Mounted Debug File System.
[    6.169251] systemd[1]: Mounted Huge Pages File System.
[[0;32m  OK  [0m] Mounted Huge Pages File System.
[    6.175052] systemd[1]: Mounted POSIX Message Queue File System.
[[0;32m  OK  [0m] Mounted POSIX Message Queue File System.
[    6.207871] systemd[1]: Started Journal Service.
[[0;32m  OK  [0m] Started Journal Service.
[[0;32m  OK  [0m] Started Load Kernel Modules.
[[0;32m  OK  [0m] Started Uncomplicated firewall.
[[0;32m  OK  [0m] Started Remount Root and Kernel File Systems.
[[0;32m  OK  [0m] Started Set console keymap.
[[0;32m  OK  [0m] Started Create list of required sta...ce nodes for the current kernel.
[[0;32m  OK  [0m] Started Nameserver information manager.
[    6.270779] random: nonblocking pool is initialized
[[0;32m  OK  [0m] Started LVM2 metadata daemon.
         Starting Create Static Device Nodes in /dev...
         Starting Load/Save Random Seed...
         Starting udev Coldplug all Devices...
         Starting Apply Kernel Variables...
         Mounting FUSE Control File System...
         Starting Flush Journal to Persistent Storage...
[[0;32m  OK  [0m] Started Load/Save Random Seed.
[[0;32m  OK  [0m] Started Apply Kernel Variables.
[[0;32m  OK  [0m] Started Create Static Device Nodes in /dev.
[[0;32m  OK  [0m] Mounted FUSE Control File System.
[[0;32m  OK  [0m] Started Flush Journal to Persistent Storage.
[[0;32m  OK  [0m] Started udev Coldplug all Devices.
         Starting udev Kernel Device Manager...
[[0;32m  OK  [0m] Started udev Kernel Device Manager.
[[0;32m  OK  [0m] Started Dispatch Password Requests to Console Directory Watch.
[[0;32m  OK  [0m] Started Monitoring of LVM2 mirrors,...ng dmeventd or progress polling.
[[0;32m  OK  [0m] Reached target Local File Systems (Pre).
[[0;32m  OK  [0m] Reached target Local File Systems.
         Starting Commit a transient machine-id on disk...
         Starting Tell Plymouth To Write Out Runtime Data...
         Starting Create Volatile Files and Directories...
         Starting LSB: AppArmor initialization...
         Starting Initial cloud-init job (pre-networking)...
         Starting Set console font and keymap...
[[0;32m  OK  [0m] Started Tell Plymouth To Write Out Runtime Data.
[[0;32m  OK  [0m] Started Create Volatile Files and Directories.
[[0;32m  OK  [0m] Started Commit a transient machine-id on disk.
         Starting Update UTMP about System Boot/Shutdown...
[[0;32m  OK  [0m] Started Update UTMP about System Boot/Shutdown.
[[0;32m  OK  [0m] Found device /dev/ttyS0.
[[0;32m  OK  [0m] Listening on Load/Save RF Kill Switch Status /dev/rfkill Watch.
[[0;32m  OK  [0m] Started LSB: AppArmor initialization.
[    7.531345] cloud-init[488]: Cloud-init v. 18.3-9-g2e62cb8a-0ubuntu1~16.04.2 running 'init-local' at Fri, 07 Sep 2018 08:01:04 +0000. Up 6.98 seconds.
[[0;32m  OK  [0m] Started Initial cloud-init job (pre-networking).
[[0;32m  OK  [0m] Started Set console font and keymap.
[[0;32m  OK  [0m] Created slice system-getty.slice.
[[0;32m  OK  [0m] Reached target Network (Pre).
         Starting Raise network interfaces...
[[0;32m  OK  [0m] Started Raise network interfaces.
[[0;32m  OK  [0m] Reached target Network.
         Starting Initial cloud-init job (metadata service crawler)...
[    8.846074] cloud-init[931]: Cloud-init v. 18.3-9-g2e62cb8a-0ubuntu1~16.04.2 running 'init' at Fri, 07 Sep 2018 08:01:05 +0000. Up 8.17 seconds.
[    8.908205] cloud-init[931]: ci-info: ++++++++++++++++++++++++++++++++++++++Net device info++++++++++++++++++++++++++++++++++++++
[    8.908476] cloud-init[931]: ci-info: +--------+------+----------------------------+---------------+--------+-------------------+
[    8.908760] cloud-init[931]: ci-info: | Device |  Up  |          Address           |      Mask     | Scope  |     Hw-Address    |
[[0;32m  OK  [0m] Started Initial cloud-init job (metadata service crawler).
[    8.908964] cloud-init[931]: ci-info: +--------+------+----------------------------+---------------+--------+-------------------+
[    8.962072] cloud-init[931]: ci-info: | enp0s3 | True |         10.0.2.15          | 255.255.255.0 | global | 02:1d:76:b3:3c:fe |
[    8.963065] cloud-init[931]: ci-info: | enp0s3 | True | fe80::1d:76ff:feb3:3cfe/64 |       .       |  link  | 02:1d:76:b3:3c:fe |
[[0;32m  OK  [0m] Reached target Cloud-config availability.
[    8.963623] cloud-init[931]: ci-info: |   lo   | True |         127.0.0.1          |   255.0.0.0   |  host  |         .         |
[    9.009292] cloud-init[931]: ci-info: |   lo   | True |          ::1/128           |       .       |  host  |         .         |
[    9.010731] cloud-init[931]: ci-info: +--------+------+----------------------------+---------------+--------+-------------------+
[    9.011131] cloud-init[931]: ci-info: +++++++++++++++++++++++++++Route IPv4 info++++++++++++++++++++++++++++
[[0;32m  OK  [0m] Reached target System Initialization.
[    9.011654] cloud-init[931]: ci-info: +-------+-------------+----------+---------------+-----------+-------+
[    9.081052] cloud-init[931]: ci-info: | Route | Destination | Gateway  |    Genmask    | Interface | Flags |
[    9.081605] cloud-init[931]: ci-info: +-------+-------------+----------+---------------+-----------+-------+
[    9.081927] cloud-init[931]: ci-info: |   0   |   0.0.0.0   | 10.0.2.2 |    0.0.0.0    |   enp0s3  |   UG  |
[    9.082228] cloud-init[931]: ci-info: |   1   |   10.0.2.0  | 0.0.0.0  | 255.255.255.0 |   enp0s3  |   U   |
[    9.082800] cloud-init[931]: ci-info: +-------+-------------+----------+---------------+-----------+-------+
[    9.083102] cloud-init[931]: ci-info: +++++++++++++++++++Route IPv6 info+++++++++++++++++++
[    9.083420] cloud-init[931]: ci-info: +-------+-------------+---------+-----------+-------+
[    9.083685] cloud-init[931]: ci-info: | Route | Destination | Gateway | Interface | Flags |
[    9.084091] cloud-init[931]: ci-info: +-------+-------------+---------+-----------+-------+
[    9.084325] cloud-init[931]: ci-info: |   0   |  fe80::/64  |    ::   |   enp0s3  |   U   |
[    9.084951] cloud-init[931]: ci-info: |   3   |   ff00::/8  |    ::   |   enp0s3  |   U   |
[    9.085232] cloud-init[931]: ci-info: +-------+-------------+---------+-----------+-------+
[    9.085845] cloud-init[931]: Generating public/private rsa key pair.
[    9.086095] cloud-init[931]: Your identification has been saved in /etc/ssh/ssh_host_rsa_key.
[    9.086423] cloud-init[931]: Your public key has been saved in /etc/ssh/ssh_host_rsa_key.pub.
         [    9.086645] Starting LXD - unix socket.cloud-init
[931]: The key fingerprint is:
[    9.086732] cloud-init[931]: SHA256:3cs6k5mb4y8dFf4xe0csMZiWi0cDHue8enmq2kei02s root@ubuntu-xenial
[    9.121143] cloud-init[931]: The key's randomart image is:
[    9.121291] cloud-init[931]: +---[RSA 2048]----+
[    9.121447] [cloud-init[0;32m  OK  [0m[931]: ] |          o..+   |Listening on ACPID Listen Socket.

[    9.143359] cloud-init[931]: |         . =B +  |
[    9.143612] cloud-init[931]: |          .+o+ = |
[    9.143759] cloud-init[931]: |         ...o.+oo|
[    9.143942] cloud-init[931]: |        S ..o. ++|
[[0;32m  OK  [0m] Started ACPI Events Check.
[    9.144136] cloud-init[931]: |          .ooo .+|
[    9.163091] cloud-init[931]: |         o.B=.. o|
[    9.163490] cloud-init[931]: |        o.E+oo   |
[    9.163653] cloud-init[931]: |        .=O@o    |
[    9.163820] cloud-init[931]: +----[SHA256]-----+
[    9.163998] cloud-init[931]: Generating public/private dsa key pair.
[    9.164354] cloud-init[931]: Your identification has been saved in /etc/ssh/ssh_host_dsa_key.
[[0;32m  OK  [0m] Reached target Paths.
[    9.177449] cloud-init[931]: Your public key has been saved in /etc/ssh/ssh_host_dsa_key.pub.
[    9.290787] cloud-init[931]: The key fingerprint is:
[    9.291466] cloud-init[931]: SHA256:Ql/tuyFN0uJb+Y28HhsmkCPnHWLYmXwgXmXEEHWk9SM root@ubuntu-xenial
[    9.292143] cloud-init[931]: The key's randomart image is:
[    9.293250] cloud-init[931]: +---[DSA 1024]----+
[    9.293862] cloud-init[931]: |          o*=.+  |
[    9.294584] cloud-init[931]: |           +.+ . |
[    9.295363] cloud-init[931]: |      . . + oE ..|
[    9.295931] cloud-init[931]: |     . o B B  . .|
[    9.297290] cloud-init[931]: |      . S # *    |
[    9.298596] cloud-init[931]: |       . * @ +   |
[    9.299293] cloud-init[931]: |          + O +  |
[    9.299875] cloud-init[931]: |           + B * |
[    9.301610] cloud-init[931]: |          . ..B..|
[    9.302225] cloud-init[931]: +----[SHA256]-----+
[    9.302840] cloud-init[931]: Generating public/private ecdsa key pair.
[    9.303480] cloud-init[931]: Your identification has been saved in /etc/ssh/ssh_host_ecdsa_key.
[    9.304200] cloud-init[931]: Your public key has been saved in /etc/ssh/ssh_host_ecdsa_key.pub.
[    9.304731] cloud-init[931]: The key fingerprint is:
[    9.305410] cloud-init[931]: SHA256:MC5Z9EsUmid0b5EsgiiHuZGzWKYdifwWPCadrxC+ySY root@ubuntu-xenial
[    9.305963] cloud-init[931]: The key's randomart image is:
[    9.306668] cloud-init[931]: +---[ECDSA 256]---+
[    9.307306] cloud-init[931]: |.=oo..o +o..     |
[    9.307905] cloud-init[931]: |O+BB.o.*..o.     |
[[0;32m  OK  [0m] Listening on UUID daemon activation socket.
         [    9.310126] cloud-init[931]: |o%=.+ B.+.o      |
[    9.349384] cloud-init[931]: |=o.o = * o       |
[    9.349621] cloud-init[931]: |. = + . S        |
[    9.349951] cloud-init[931]: |E= . .           |
[    9.350248] cloud-init[931]: |o                |
[    9.350542] cloud-init[931]: |                 |
[    9.350845] cloud-init[931]: |                 |
[    9.351597] cloud-init[931]: +----[SHA256]-----+
[    9.351873] cloud-init[931]: Generating public/private ed25519 key pair.
[    9.352584] cloud-init[931]: Your identification has been saved in /etc/ssh/ssh_host_ed25519_key.
[    9.352925] cloud-init[931]: Your public key has been saved in /etc/ssh/ssh_host_ed25519_key.pub.
[    9.353192] cloud-init[931]: The key fingerprint is:
[    9.353425] cloud-init[931]: SHA256:Wk0oyB9N3seZibmg9lw/dBA5qRcWjxYd5xBducpzY6A root@ubuntu-xenial
[    9.353656] cloud-init[931]: The key's randomart image is:
[    9.353925] cloud-init[931]: +--[ED25519 256]--+
[    9.354430] cloud-init[931]: |        .   +=++=|
[    9.354707] cloud-init[931]: |   . . + o +*O.=.|
[    9.356169] cloud-init[931]: |    o o = =oXo. o|
[    9.356440] cloud-init[931]: |     . + +.+.o . |
[    9.356705] cloud-init[931]: |      + S +.+ +  |
[    9.357670] cloud-init[931]: |     . = . E = + |
[    9.361155] cloud-init[931]: |      . o   o + .|
[    9.361428] cloud-init[931]: |             .   |
[    9.362042] cloud-init[931]: |                 |
[    9.362776] cloud-init[931]: +----[SHA256]-----+
Starting Socket activation for snappy daemon.
[[0;32m  OK  [0m] Listening on D-Bus System Message Bus Socket.
[[0;32m  OK  [0m] Started Daily apt download activities.
[[0;32m  OK  [0m] Started Daily apt upgrade and clean activities.
[[0;32m  OK  [0m] Started Daily Cleanup of Temporary Directories.
[[0;32m  OK  [0m] Reached target Timers.
[[0;32m  OK  [0m] Reached target Network is Online.
         Starting iSCSI initiator daemon (iscsid)...
[[0;32m  OK  [0m] Listening on LXD - unix socket.
[[0;32m  OK  [0m] Listening on Socket activation for snappy daemon.
[[0;32m  OK  [0m] Reached target Sockets.
[[0;32m  OK  [0m] Reached target Basic System.
         Starting Accounts Service...
         Starting /etc/rc.local Compatibility...
         Starting LSB: MD monitoring daemon...
[[0;32m  OK  [0m] Started FUSE filesystem for LXC.
[[0;32m  OK  [0m] Started ACPI event daemon.
         Starting LSB: Record successful boot for GRUB...
[[0;32m  OK  [0m] Started D-Bus System Message Bus.
         Starting Virtualbox guest utils...
[[0;32m  OK  [0m] Started Regular background program processing daemon.
         Starting Login Service...
         Starting Pollinate to seed the pseudo random number generator...
[[0;32m  OK  [0m] Started Unattended Upgrades Shutdown.
[[0;32m  OK  [0m] Started Deferred execution scheduler.
         Starting Snappy daemon...
         Starting System Logging Service...
         Starting LXD - container startup/shutdown...
[[0;32m  OK  [0m] Started iSCSI initiator daemon (iscsid).
[[0;32m  OK  [0m] Started /etc/rc.local Compatibility.
[[0;32m  OK  [0m] Started System Logging Service.
[[0;32m  OK  [0m] Started Login Service.
[[0;32m  OK  [0m] Started LSB: Record successful boot for GRUB.
         Starting Authenticate and Authorize Users to Run Privileged Tasks...
         Starting Login to default iSCSI targets...
[[0;32m  OK  [0m] Started LSB: MD monitoring daemon.
[[0;32m  OK  [0m] Started Authenticate and Authorize Users to Run Privileged Tasks.
[[0;32m  OK  [0m] Started Accounts Service.
[[0;32m  OK  [0m] Started Login to default iSCSI targets.
[[0;32m  OK  [0m] Reached target Remote File Systems (Pre).
[[0;32m  OK  [0m] Reached target Remote File Systems.
         Starting LSB: Set the CPU Frequency Scaling governor to "ondemand"...
         Starting LSB: daemon to balance interrupts for SMP systems...
         Starting LSB: automatic crash report generation...
         Starting Permit User Sessions...
[[0;32m  OK  [0m] Started Virtualbox guest utils.
[[0;32m  OK  [0m] Started LXD - container startup/shutdown.
[[0;32m  OK  [0m] Started Permit User Sessions.
[[0;32m  OK  [0m] Started LSB: Set the CPU Frequency Scaling governor to "ondemand".
         Starting Hold until boot process finishes up...
         Starting Terminate Plymouth Boot Screen...
[[0;32m  OK  [0m] Started Snappy daemon.
[[0;32m  OK  [0m] Started LSB: daemon to balance interrupts for SMP systems.
[[0;32m  OK  [0m] Started LSB: automatic crash report generation.
[[0;32m  OK  [0m] Started Hold until boot process finishes up.
[[0;32m  OK  [0m] Started Terminate Plymouth Boot Screen.
         Starting Set console scheme...
[[0;32m  OK  [0m] Started Getty on tty1.
[[0;32m  OK  [0m] Started Serial Getty on ttyS0.
[[0;32m  OK  [0m] Reached target Login Prompts.
         Starting Wait until snapd is fully seeded...
[[0;32m  OK  [0m] Started Set console scheme.
[[0;32m  OK  [0m] Started Pollinate to seed the pseudo random number generator.
         Starting OpenBSD Secure Shell server...
[[0;32m  OK  [0m] Started OpenBSD Secure Shell server.
[[0;32m  OK  [0m] Created slice User Slice of vagrant.
         Starting User Manager for UID 1000...
[[0;32m  OK  [0m] Started Session 1 of user vagrant.
[[0;32m  OK  [0m] Started User Manager for UID 1000.

Ubuntu 16.04.5 LTS ubuntu-xenial ttyS0

ubuntu-xenial login: [   22.359279] cloud-init[1772]: Generating locales (this might take a while)...
[   23.727681] cloud-init[1772]:   en_US.UTF-8... done
[   23.728357] cloud-init[1772]: Generation complete.
[   24.063617] cloud-init[1772]: Cloud-init v. 18.3-9-g2e62cb8a-0ubuntu1~16.04.2 running 'modules:config' at Fri, 07 Sep 2018 08:01:19 +0000. Up 22.18 seconds.
ci-info: no authorized ssh keys fingerprints found for user ubuntu.
<14>Sep  7 08:01:22 ec2: 
<14>Sep  7 08:01:22 ec2: #############################################################
<14>Sep  7 08:01:22 ec2: -----BEGIN SSH HOST KEY FINGERPRINTS-----
<14>Sep  7 08:01:22 ec2: 1024 SHA256:Ql/tuyFN0uJb+Y28HhsmkCPnHWLYmXwgXmXEEHWk9SM root@ubuntu-xenial (DSA)
<14>Sep  7 08:01:22 ec2: 256 SHA256:MC5Z9EsUmid0b5EsgiiHuZGzWKYdifwWPCadrxC+ySY root@ubuntu-xenial (ECDSA)
<14>Sep  7 08:01:22 ec2: 256 SHA256:Wk0oyB9N3seZibmg9lw/dBA5qRcWjxYd5xBducpzY6A root@ubuntu-xenial (ED25519)
<14>Sep  7 08:01:22 ec2: 2048 SHA256:3cs6k5mb4y8dFf4xe0csMZiWi0cDHue8enmq2kei02s root@ubuntu-xenial (RSA)
<14>Sep  7 08:01:22 ec2: -----END SSH HOST KEY FINGERPRINTS-----
<14>Sep  7 08:01:22 ec2: #############################################################
-----BEGIN SSH HOST KEY KEYS-----
ecdsa-sha2-nistp256 AAAAE2VjZHNhLXNoYTItbmlzdHAyNTYAAAAIbmlzdHAyNTYAAABBBG/2cAujlkXXxEJUujqNcaAdr9tpr5FstWcsnJf4cG1ag4NJB0rHsMI2zM/SFse6cUEwQY2yRchntAR1q9fOuUo= root@ubuntu-xenial
ssh-ed25519 AAAAC3NzaC1lZDI1NTE5AAAAIBjlVO6O51FaRn1jvmgYQ9EVDjI8T2X2lS6Q7qgnF1Zk root@ubuntu-xenial
ssh-rsa AAAAB3NzaC1yc2EAAAADAQABAAABAQDGRuQCQWEZGi1ILOxwYU+XGClJ+6FxqOYu3WaA6qtx3822hWF8/OGhRe6oLB+6noYFfuzyXFDjbxjvICTW4S+maIi1G0HrPZhH5vMEArXRXVTSeP6TjNkcsXPmUFIOeSV3uiTRN0gOZ5EeoZYnt5aA9xTsgJ8WFcBJwSZ21EO9v+bGAi0BCXxRdhW2KY5q2Q1H+U1IyqcMQc2cYnjXjhEkd7My1AJZxOdGeNKIYgwKPiFE/0017VlPivrSQapDahuY7N3vCITVsy5hfDN9h1m3ki11y6s1GfTPx6sS06RRL4h75Ol9MMGds9uPBatTHg26qw3UcfAtm83V1asiju07 root@ubuntu-xenial
-----END SSH HOST KEY KEYS-----
[   24.534835] cloud-init[1817]: Cloud-init v. 18.3-9-g2e62cb8a-0ubuntu1~16.04.2 running 'modules:final' at Fri, 07 Sep 2018 08:01:22 +0000. Up 24.38 seconds.
[   24.535151] cloud-init[1817]: ci-info: no authorized ssh keys fingerprints found for user ubuntu.
[   24.535321] cloud-init[1817]: Cloud-init v. 18.3-9-g2e62cb8a-0ubuntu1~16.04.2 finished at Fri, 07 Sep 2018 08:01:22 +0000. Datasource DataSourceNoCloud [seed=/dev/sdb][dsmode=net].  Up 24.52 seconds
